0 info it worked if it ends with ok
1 verbose cli [ '/usr/bin/nodejs', '/usr/bin/npm', 'run', 'dumpprod' ]
2 info using npm@3.5.2
3 info using node@v4.2.6
4 verbose run-script [ 'predumpprod', 'dumpprod', 'postdumpprod' ]
5 info lifecycle wordpress-hybrid-client@2.0.0~predumpprod: wordpress-hybrid-client@2.0.0
6 silly lifecycle wordpress-hybrid-client@2.0.0~predumpprod: no script for predumpprod, continuing
7 info lifecycle wordpress-hybrid-client@2.0.0~dumpprod: wordpress-hybrid-client@2.0.0
8 verbose lifecycle wordpress-hybrid-client@2.0.0~dumpprod: unsafe-perm in lifecycle true
9 verbose lifecycle wordpress-hybrid-client@2.0.0~dumpprod: PATH: /usr/share/npm/bin/node-gyp-bin:/home/yusadlat/Documents/aptn/node_modules/.bin:/usr/local/sbin:/usr/local/bin:/usr/sbin:/usr/bin:/sbin:/bin:/usr/games:/usr/local/games:/snap/bin
10 verbose lifecycle wordpress-hybrid-client@2.0.0~dumpprod: CWD: /home/yusadlat/Documents/aptn
11 silly lifecycle wordpress-hybrid-client@2.0.0~dumpprod: Args: [ '-c',
11 silly lifecycle   'rm -rf www/* && webpack --progress --colors --config webpack.config.prod.js -p' ]
12 info lifecycle wordpress-hybrid-client@2.0.0~dumpprod: Failed to exec dumpprod script
13 verbose stack Error: wordpress-hybrid-client@2.0.0 dumpprod: `rm -rf www/* && webpack --progress --colors --config webpack.config.prod.js -p`
13 verbose stack spawn ENOENT
13 verbose stack     at ChildProcess.<anonymous> (/usr/share/npm/lib/utils/spawn.js:17:16)
13 verbose stack     at emitTwo (events.js:87:13)
13 verbose stack     at ChildProcess.emit (events.js:172:7)
13 verbose stack     at maybeClose (internal/child_process.js:821:16)
13 verbose stack     at Process.ChildProcess._handle.onexit (internal/child_process.js:211:5)
14 verbose pkgid wordpress-hybrid-client@2.0.0
15 verbose cwd /home/yusadlat/Documents/aptn
16 error Linux 4.4.0-21-generic
17 error argv "/usr/bin/nodejs" "/usr/bin/npm" "run" "dumpprod"
18 error node v4.2.6
19 error npm  v3.5.2
20 error file sh
21 error code ELIFECYCLE
22 error errno ENOENT
23 error syscall spawn
24 error wordpress-hybrid-client@2.0.0 dumpprod: `rm -rf www/* && webpack --progress --colors --config webpack.config.prod.js -p`
24 error spawn ENOENT
25 error Failed at the wordpress-hybrid-client@2.0.0 dumpprod script 'rm -rf www/* && webpack --progress --colors --config webpack.config.prod.js -p'.
25 error Make sure you have the latest version of node.js and npm installed.
25 error If you do, this is most likely a problem with the wordpress-hybrid-client package,
25 error not with npm itself.
25 error Tell the author that this fails on your system:
25 error     rm -rf www/* && webpack --progress --colors --config webpack.config.prod.js -p
25 error You can get information on how to open an issue for this project with:
25 error     npm bugs wordpress-hybrid-client
25 error Or if that isn't available, you can get their info via:
25 error     npm owner ls wordpress-hybrid-client
25 error There is likely additional logging output above.
26 verbose exit [ 1, true ]
